<?xml version="1.0" encoding="UTF-8"?>
<testsuite xmlns:xsi="http://www.w3.org/2001/XMLSchema-instance" xsi:noNamespaceSchemaLocation="https://maven.apache.org/surefire/maven-surefire-plugin/xsd/surefire-test-report-3.0.xsd" version="3.0" name="com.dreamfist.product_service.ProductServiceApplicationTests" time="0.486" tests="1" errors="1" skipped="0" failures="0">
  <properties>
[...]
</properties>
  <testcase name="" classname="com.dreamfist.product_service.ProductServiceApplicationTests" time="0.486">
    <error message="Could not find a valid Docker environment. Please see logs and check configuration" type="java.lang.IllegalStateException"><![CDATA[java.lang.IllegalStateException: Could not find a valid Docker environment. Please see logs and check configuration
	at org.testcontainers.dockerclient.DockerClientProviderStrategy.lambda$getFirstValidStrategy$7(DockerClientProviderStrategy.java:277)
	at java.base/java.util.Optional.orElseThrow(Optional.java:403)
	at org.testcontainers.dockerclient.DockerClientProviderStrategy.getFirstValidStrategy(DockerClientProviderStrategy.java:268)
	at org.testcontainers.DockerClientFactory.getOrInitializeStrategy(DockerClientFactory.java:152)
	at org.testcontainers.DockerClientFactory.client(DockerClientFactory.java:194)
	at org.testcontainers.DockerClientFactory$1.getDockerClient(DockerClientFactory.java:106)
	at com.github.dockerjava.api.DockerClientDelegate.authConfig(DockerClientDelegate.java:109)
	at org.testcontainers.containers.GenericContainer.start(GenericContainer.java:332)
	at org.testcontainers.junit.jupiter.TestcontainersExtension$StoreAdapter.start(TestcontainersExtension.java:280)
	at org.testcontainers.junit.jupiter.TestcontainersExtension$StoreAdapter.access$200(TestcontainersExtension.java:267)
	at org.testcontainers.junit.jupiter.TestcontainersExtension.lambda$null$4(TestcontainersExtension.java:82)
	at org.testcontainers.junit.jupiter.TestcontainersExtension.lambda$startContainers$5(TestcontainersExtension.java:82)
	at java.base/java.util.ArrayList.forEach(ArrayList.java:1596)
	at org.testcontainers.junit.jupiter.TestcontainersExtension.startContainers(TestcontainersExtension.java:82)
	at org.testcontainers.junit.jupiter.TestcontainersExtension.beforeAll(TestcontainersExtension.java:56)
	at java.base/java.util.ArrayList.forEach(ArrayList.java:1596)
]]></error>
    <system-out><![CDATA[14:37:10.615 [main] INFO org.testcontainers.images.PullPolicy -- Image pull policy will be performed by: DefaultPullPolicy()
14:37:10.619 [main] INFO org.testcontainers.utility.ImageNameSubstitutor -- Image name substitution will be performed by: DefaultImageNameSubstitutor (composite of 'ConfigurationFileImageNameSubstitutor' and 'PrefixingImageNameSubstitutor')
14:37:10.805 [main] INFO org.testcontainers.dockerclient.DockerMachineClientProviderStrategy -- docker-machine executable was not found on PATH ([C:\Program Files\Common Files\Oracle\Java\javapath, C:\ProgramData\Oracle\Java\javapath, C:\Program Files (x86)\Common Files\Intel\Shared Libraries\redist\intel64\compiler, C:\Program Files (x86)\Common Files\Oracle\Java\javapath, C:\Windows\system32, C:\Windows, C:\Windows\System32\Wbem, C:\Windows\System32\WindowsPowerShell\v1.0\, C:\Windows\System32\OpenSSH\, C:\Program Files (x86)\NVIDIA Corporation\PhysX\Common, C:\Program Files\NVIDIA Corporation\NVIDIA NvDLISR, C:\Program Files\Java\jre1.8.0_301\bin, C:\Program Files\Java\jdk1.8.0_301\bin, C:\Program Files\Git\cmd, C:\Program Files\Git\bin, C:\Program Files\PuTTY\, C:\Users\PRANAY\flutter\bin, C:\MinGW\bin, C:\php, C:\Users\PRANAY\AppData\Roaming\nvm, C:\Program Files\nodejs, C:\Program Files\Go\bin, C:\Program Files\Amazon\AWSCLIV2\, C:\Program Files\GitHub CLI\, C:\Program Files\Docker\Docker\resources\bin, C:\Program Files\apache-ant-1.10.14\bin, C:\Users\PRANAY\AppData\Local\Programs\Python\Python37\Scripts\, C:\Users\PRANAY\AppData\Local\Programs\Python\Python37\, C:\Users\PRANAY\AppData\Local\.meteor/, C:\Users\PRANAY\AppData\Roaming\nvm\v14.0.0\node_modules\npm\node_modules\npm-lifecycle\node-gyp-bin, C:\Program Files\nodejs\node_modules\meteor\node_modules\.bin, C:\Program Files\nodejs\node_modules\.bin, C:\ProgramData\Oracle\Java\javapath, C:\Program Files (x86)\Common Files\Intel\Shared Libraries\redist\intel64\compiler, C:\Program Files (x86)\Common Files\Oracle\Java\javapath, C:\Windows\system32, C:\Windows, C:\Windows\System32\Wbem, C:\Windows\System32\WindowsPowerShell\v1.0\, C:\Windows\System32\OpenSSH\, C:\Program Files (x86)\NVIDIA Corporation\PhysX\Common, C:\Program Files\NVIDIA Corporation\NVIDIA NvDLISR, C:\Program Files\Java\jre1.8.0_301\bin, C:\Program Files\Java\jdk1.8.0_301\bin, C:\Program Files\Git\cmd, C:\Program Files\Git\bin, C:\Program Files\PuTTY\, C:\Users\PRANAY\flutter\bin, C:\MinGW\bin, C:\php, C:\Users\PRANAY\AppData\Roaming\nvm, C:\Program Files\nodejs, C:\Users\PRANAY\AppData\Local\Programs\Pytho, C:\Users\PRANAY\AppData\Local\Programs\Microsoft VS Code\bin, C:\Program Files\apache-maven-3.9.4\bin, C:\Program Files\apache-ant-1.10.14\bin])
14:37:10.806 [main] ERROR org.testcontainers.dockerclient.DockerClientProviderStrategy -- Could not find a valid Docker environment. Please check configuration. Attempted configurations were:
As no valid configuration was found, execution cannot continue.
See https://java.testcontainers.org/on_failure.html for more details.
14:37:10.867 [main] INFO org.springframework.test.context.support.AnnotationConfigContextLoaderUtils -- Could not detect default configuration classes for test class [com.dreamfist.product_service.ProductServiceApplicationTests]: ProductServiceApplicationTests does not declare any static, non-private, non-final, nested classes annotated with @Configuration.
14:37:10.942 [main] INFO org.springframework.boot.test.context.SpringBootTestContextBootstrapper -- Found @SpringBootConfiguration com.dreamfist.product_service.ProductServiceApplication for test class com.dreamfist.product_service.ProductServiceApplicationTests
]]></system-out>
  </testcase>
</testsuite>