<?xml version="1.0" encoding="UTF-8"?>
<testsuite xmlns:xsi="http://www.w3.org/2001/XMLSchema-instance" xsi:noNamespaceSchemaLocation="https://maven.apache.org/surefire/maven-surefire-plugin/xsd/surefire-test-report-3.0.xsd" version="3.0" name="com.dreamfist.order_service.OrderServiceApplicationTests" time="3.148" tests="1" errors="0" skipped="0" failures="0">
  <properties>
[...]
</properties>
  <testcase name="contextLoads" classname="com.dreamfist.order_service.OrderServiceApplicationTests" time="0.316">
    <system-out><![CDATA[20:34:53.982 [main] INFO org.springframework.test.context.support.AnnotationConfigContextLoaderUtils -- Could not detect default configuration classes for test class [com.dreamfist.order_service.OrderServiceApplicationTests]: OrderServiceApplicationTests does not declare any static, non-private, non-final, nested classes annotated with @Configuration.
20:34:54.054 [main] INFO org.springframework.boot.test.context.SpringBootTestContextBootstrapper -- Found @SpringBootConfiguration com.dreamfist.order_service.OrderServiceApplication for test class com.dreamfist.order_service.OrderServiceApplicationTests

  .   ____          _            __ _ _
 /\\ / ___'_ __ _ _(_)_ __  __ _ \ \ \ \
( ( )\___ | '_ | '_| | '_ \/ _` | \ \ \ \
 \\/  ___)| |_)| | | | | || (_| |  ) ) ) )
  '  |____| .__|_| |_|_| |_\__, | / / / /
 =========|_|==============|___/=/_/_/_/
 :: Spring Boot ::                (v3.2.2)

2024-02-01T20:34:54.336+05:30  INFO 37900 --- [           main] c.d.o.OrderServiceApplicationTests       : Starting OrderServiceApplicationTests using Java 20.0.2 with PID 37900 (started by PRANAY in C:\BACKUP\SpringBootPractice\E-Commerce\ecommerce_microservices\order_service)
2024-02-01T20:34:54.337+05:30  INFO 37900 --- [           main] c.d.o.OrderServiceApplicationTests       : No active profile set, falling back to 1 default profile: "default"
2024-02-01T20:34:54.743+05:30  INFO 37900 --- [           main] .s.d.r.c.RepositoryConfigurationDelegate : Bootstrapping Spring Data JPA repositories in DEFAULT mode.
2024-02-01T20:34:54.781+05:30  INFO 37900 --- [           main] .s.d.r.c.RepositoryConfigurationDelegate : Finished Spring Data repository scanning in 31 ms. Found 1 JPA repository interface.
2024-02-01T20:34:55.076+05:30  INFO 37900 --- [           main] o.hibernate.jpa.internal.util.LogHelper  : HHH000204: Processing PersistenceUnitInfo [name: default]
2024-02-01T20:34:55.132+05:30  INFO 37900 --- [           main] org.hibernate.Version                    : HHH000412: Hibernate ORM core version 6.4.1.Final
2024-02-01T20:34:55.164+05:30  INFO 37900 --- [           main] o.h.c.internal.RegionFactoryInitiator    : HHH000026: Second-level cache disabled
2024-02-01T20:34:55.360+05:30  INFO 37900 --- [           main] o.s.o.j.p.SpringPersistenceUnitInfo      : No LoadTimeWeaver setup: ignoring JPA class transformer
2024-02-01T20:34:55.380+05:30  INFO 37900 --- [           main] com.zaxxer.hikari.HikariDataSource       : HikariPool-1 - Starting...
2024-02-01T20:34:55.506+05:30  INFO 37900 --- [           main] com.zaxxer.hikari.pool.HikariPool        : HikariPool-1 - Added connection com.mysql.cj.jdbc.ConnectionImpl@538b3c88
2024-02-01T20:34:55.508+05:30  INFO 37900 --- [           main] com.zaxxer.hikari.HikariDataSource       : HikariPool-1 - Start completed.
2024-02-01T20:34:55.545+05:30  WARN 37900 --- [           main] org.hibernate.dialect.Dialect            : HHH000511: The 5.5.0 version for [org.hibernate.dialect.MySQLDialect] is no longer supported, hence certain features may not work properly. The minimum supported version is 8.0.0. Check the community dialects project for available legacy versions.
2024-02-01T20:34:56.122+05:30  INFO 37900 --- [           main] o.h.e.t.j.p.i.JtaPlatformInitiator       : HHH000489: No JTA platform available (set 'hibernate.transaction.jta.platform' to enable JTA platform integration)
2024-02-01T20:34:56.178+05:30  INFO 37900 --- [           main] j.LocalContainerEntityManagerFactoryBean : Initialized JPA EntityManagerFactory for persistence unit 'default'
2024-02-01T20:34:56.437+05:30  WARN 37900 --- [           main] JpaBaseConfiguration$JpaWebConfiguration : spring.jpa.open-in-view is enabled by default. Therefore, database queries may be performed during view rendering. Explicitly configure spring.jpa.open-in-view to disable this warning
2024-02-01T20:34:56.674+05:30  INFO 37900 --- [           main] c.d.o.OrderServiceApplicationTests       : Started OrderServiceApplicationTests in 2.499 seconds (process running for 3.187)
]]></system-out>
  </testcase>
</testsuite>